2023-06-12 19:26:49[ INFO ]>>insert用户插入测试成功
2023-06-12 19:26:49[ INFO ]>>modify用户修改测试成功
2023-06-12 19:26:49[ INFO ]>>selectUserInfo用户登录测试成功
2023-06-12 19:26:49[ INFO ]>>queryUserList用户列表查询测试成功
2023-06-16 13:52:08[ INFO ]>>queryProjectList项目列表测试成功
2023-06-16 13:52:47[ INFO ]>>queryProjectList项目查询测试成功
2023-06-16 13:56:03[ INFO ]>>insert项目添加测试成功
2023-06-16 13:56:32[ INFO ]>>modify项目修改测试成功
2023-06-16 13:57:00[ INFO ]>>delete项目删除测试成功
2023-06-16 20:03:33[ INFO ]>>delete项目删除测试成功
2023-06-19 13:41:14[ INFO ]>>modify项目修改测试成功
2023-06-19 13:41:14[ INFO ]>>queryProjectList项目列表测试成功
2023-06-19 13:42:05[ INFO ]>>insert项目添加测试成功
2023-06-19 13:42:05[ INFO ]>>queryProjectList项目查询测试成功
2023-06-19 13:43:48[ INFO ]>>modify项目修改测试成功
2023-06-19 13:43:48[ INFO ]>>queryProjectList项目列表测试成功
2023-06-19 13:44:40[ INFO ]>>insert项目添加测试成功
2023-06-19 13:44:40[ INFO ]>>queryProjectList项目查询测试成功
2023-06-19 13:46:04[ INFO ]>>insert用户插入测试成功
2023-06-19 13:46:04[ INFO ]>>modify项目修改测试成功
2023-06-19 13:46:04[ INFO ]>>queryProjectList项目列表测试成功
2023-06-19 13:46:55[ INFO ]>>insert项目添加测试成功
2023-06-19 13:46:55[ INFO ]>>modify用户修改测试成功
2023-06-19 13:46:55[ INFO ]>>selectUserInfo用户登录测试成功
2023-06-19 13:46:55[ INFO ]>>queryProjectList项目查询测试成功
2023-06-19 13:46:56[ INFO ]>>queryUserList用户列表查询测试成功
2023-06-20 22:08:24[ INFO ]>>insert用户插入测试成功
2023-06-20 22:08:24[ INFO ]>>modify项目修改测试成功
2023-06-20 22:08:24[ INFO ]>>queryProjectList项目列表测试成功
2023-06-20 22:09:15[ INFO ]>>insert项目添加测试成功
2023-06-20 22:09:15[ INFO ]>>modify用户修改测试成功
2023-06-20 22:09:15[ INFO ]>>selectUserInfo用户登录测试成功
2023-06-20 22:09:15[ INFO ]>>queryProjectList项目查询测试成功
2023-06-20 22:09:15[ INFO ]>>queryUserList用户列表查询测试成功
2023-06-20 22:10:11[ INFO ]>>insert用户插入测试成功
2023-06-20 22:10:11[ INFO ]>>modify项目修改测试成功
2023-06-20 22:10:11[ INFO ]>>queryProjectList项目列表测试成功
2023-06-20 22:11:01[ INFO ]>>insert项目添加测试成功
2023-06-20 22:11:01[ INFO ]>>modify用户修改测试成功
2023-06-20 22:11:01[ INFO ]>>selectUserInfo用户登录测试成功
2023-06-20 22:11:01[ INFO ]>>queryProjectList项目查询测试成功
2023-06-20 22:11:01[ INFO ]>>queryUserList用户列表查询测试成功
2023-06-20 22:11:01[ INFO ]>>delete用户删除测试成功
2023-06-20 22:13:15[ INFO ]>>insert用户插入测试成功
2023-06-20 22:13:15[ INFO ]>>modify项目修改测试成功
2023-06-20 22:13:15[ INFO ]>>queryProjectList项目列表测试成功
2023-06-20 22:13:15[ INFO ]>>delete项目删除测试成功
2023-06-20 22:13:15[ INFO ]>>insert项目添加测试成功
2023-06-20 22:13:15[ INFO ]>>modify用户修改测试成功
2023-06-20 22:13:15[ INFO ]>>selectUserInfo用户登录测试成功
2023-06-20 22:13:16[ INFO ]>>queryProjectList项目查询测试成功
2023-06-20 22:13:16[ INFO ]>>queryUserList用户列表查询测试成功
2023-06-20 22:14:11[ INFO ]>>delete用户删除测试成功
2023-06-20 22:16:31[ INFO ]>>insert用户插入测试成功
2023-06-20 22:16:31[ INFO ]>>modify项目修改测试成功
2023-06-20 22:16:31[ INFO ]>>queryProjectList项目列表测试成功
2023-06-20 22:17:22[ INFO ]>>insert项目添加测试成功
2023-06-20 22:17:22[ INFO ]>>modify用户修改测试成功
2023-06-20 22:17:22[ INFO ]>>selectUserInfo用户登录测试成功
2023-06-20 22:17:22[ INFO ]>>queryProjectList项目查询测试成功
2023-06-20 22:17:22[ INFO ]>>queryUserList用户列表查询测试成功
2023-06-20 22:18:17[ INFO ]>>insert用户插入测试成功
2023-06-20 22:18:18[ INFO ]>>modify项目修改测试成功
2023-06-20 22:18:18[ INFO ]>>queryProjectList项目列表测试成功
2023-06-20 22:19:08[ INFO ]>>insert项目添加测试成功
2023-06-20 22:19:08[ INFO ]>>modify用户修改测试成功
2023-06-20 22:19:08[ INFO ]>>selectUserInfo用户登录测试成功
2023-06-20 22:19:08[ INFO ]>>queryProjectList项目查询测试成功
2023-06-20 22:19:08[ INFO ]>>queryUserList用户列表查询测试成功
2023-06-20 22:19:08[ INFO ]>>delete用户删除测试成功
2023-06-20 22:20:50[ INFO ]>>insert用户插入测试成功
2023-06-20 22:20:50[ INFO ]>>modify项目修改测试成功
2023-06-20 22:20:50[ INFO ]>>queryProjectList项目列表测试成功
2023-06-20 22:21:41[ INFO ]>>insert项目添加测试成功
2023-06-20 22:21:41[ INFO ]>>modify用户修改测试成功
2023-06-20 22:21:41[ INFO ]>>selectUserInfo用户登录测试成功
2023-06-20 22:21:41[ INFO ]>>queryProjectList项目查询测试成功
2023-06-20 22:21:41[ INFO ]>>queryUserList用户列表查询测试成功
2023-06-20 22:25:30[ INFO ]>>insert用户插入测试成功
2023-06-20 22:25:30[ INFO ]>>modify项目修改测试成功
2023-06-20 22:25:30[ INFO ]>>queryProjectList项目列表测试成功
2023-06-20 22:26:35[ INFO ]>>insert用户插入测试成功
2023-06-20 22:26:35[ INFO ]>>modify项目修改测试成功
2023-06-20 22:26:36[ INFO ]>>queryProjectList项目列表测试成功
2023-06-20 22:27:26[ INFO ]>>insert项目添加测试成功
2023-06-20 22:27:26[ INFO ]>>modify用户修改测试成功
2023-06-20 22:27:26[ INFO ]>>selectUserInfo用户登录测试成功
2023-06-20 22:27:26[ INFO ]>>queryProjectList项目查询测试成功
2023-06-20 22:27:26[ INFO ]>>queryUserList用户列表查询测试成功
